03:15:54: Creating resource group General
03:15:54: Creating resource group Internal
03:15:54: Creating resource group Autodetect
03:15:54: SceneManagerFactory for type 'DefaultSceneManager' registered.
03:15:54: Registering ResourceManager for type Material
03:15:54: Registering ResourceManager for type Mesh
03:15:54: Registering ResourceManager for type Skeleton
03:15:54: MovableObjectFactory for type 'ParticleSystem' registered.
03:15:54: OverlayElementFactory for type Panel registered.
03:15:54: OverlayElementFactory for type BorderPanel registered.
03:15:54: OverlayElementFactory for type TextArea registered.
03:15:54: Registering ResourceManager for type Font
03:15:54: ArchiveFactory for archive type FileSystem registered.
03:15:54: ArchiveFactory for archive type Zip registered.
03:15:54: ArchiveFactory for archive type EmbeddedZip registered.
03:15:54: DDS codec registering
03:15:54: FreeImage version: 3.15.1
03:15:54: This program uses FreeImage, a free, open source image library supporting all common bitmap formats. See http://freeimage.sourceforge.net for details
03:15:54: Supported formats: bmp,ico,jpg,jif,jpeg,jpe,jng,koa,iff,lbm,mng,pbm,pbm,pcd,pcx,pgm,pgm,png,ppm,ppm,ras,tga,targa,tif,tiff,wap,wbmp,wbm,psd,cut,xbm,xpm,gif,hdr,g3,sgi,exr,j2k,j2c,jp2,pfm,pct,pict,pic,3fr,arw,bay,bmq,cap,cine,cr2,crw,cs1,dc2,dcr,drf,dsc,dng,erf,fff,ia,iiq,k25,kc2,kdc,mdc,mef,mos,mrw,nef,nrw,orf,pef,ptx,pxn,qtk,raf,raw,rdc,rw2,rwl,rwz,sr2,srf,sti
03:15:54: PVRTC codec registering
03:15:54: Registering ResourceManager for type HighLevelGpuProgram
03:15:54: Registering ResourceManager for type Compositor
03:15:54: MovableObjectFactory for type 'Entity' registered.
03:15:54: MovableObjectFactory for type 'Light' registered.
03:15:54: MovableObjectFactory for type 'BillboardSet' registered.
03:15:54: MovableObjectFactory for type 'ManualObject' registered.
03:15:54: MovableObjectFactory for type 'BillboardChain' registered.
03:15:54: MovableObjectFactory for type 'RibbonTrail' registered.
03:15:54: Loading library ./Plugins/RenderSystem_GL_d
03:15:54: Installing plugin: GL RenderSystem
03:15:54: OpenGL Rendering Subsystem created.
03:15:54: Plugin successfully installed
03:15:54: Loading library ./Plugins/Plugin_ParticleFX_d
03:15:54: Installing plugin: ParticleFX
03:15:54: Particle Emitter Type 'Point' registered
03:15:54: Particle Emitter Type 'Box' registered
03:15:54: Particle Emitter Type 'Ellipsoid' registered
03:15:54: Particle Emitter Type 'Cylinder' registered
03:15:54: Particle Emitter Type 'Ring' registered
03:15:54: Particle Emitter Type 'HollowEllipsoid' registered
03:15:54: Particle Affector Type 'LinearForce' registered
03:15:54: Particle Affector Type 'ColourFader' registered
03:15:54: Particle Affector Type 'ColourFader2' registered
03:15:54: Particle Affector Type 'ColourImage' registered
03:15:54: Particle Affector Type 'ColourInterpolator' registered
03:15:54: Particle Affector Type 'Scaler' registered
03:15:54: Particle Affector Type 'Rotator' registered
03:15:54: Particle Affector Type 'DirectionRandomiser' registered
03:15:54: Particle Affector Type 'DeflectorPlane' registered
03:15:54: Plugin successfully installed
03:15:54: Loading library ./Plugins/Plugin_CgProgramManager_d
03:15:54: Installing plugin: Cg Program Manager
03:15:54: Plugin successfully installed
03:15:54: Loading library ./Plugins/Plugin_PCZSceneManager_d
03:15:54: Installing plugin: Portal Connected Zone Scene Manager
03:15:54: PCZone Factory Type 'ZoneType_Default' registered
03:15:54: Plugin successfully installed
03:15:54: Loading library ./Plugins/Plugin_OctreeSceneManager_d
03:15:54: Installing plugin: Octree Scene Manager
03:15:54: Plugin successfully installed
03:15:54: *-*-* OGRE Initialising
03:15:54: *-*-* Version 1.8.1 (Byatis)
03:15:54: CPU Identifier & Features
03:15:54: -------------------------
03:15:54:  *   CPU ID: GenuineIntel: Intel(R) Core(TM)2 Duo CPU     E8400  @ 3.00GHz
03:15:54:  *      SSE: yes
03:15:54:  *     SSE2: yes
03:15:54:  *     SSE3: yes
03:15:54:  *      MMX: yes
03:15:54:  *   MMXEXT: yes
03:15:54:  *    3DNOW: no
03:15:54:  * 3DNOWEXT: no
03:15:54:  *     CMOV: yes
03:15:54:  *      TSC: yes
03:15:54:  *      FPU: yes
03:15:54:  *      PRO: yes
03:15:54:  *       HT: no
03:15:54: -------------------------
03:15:54: ******************************
*** Starting GLX Subsystem ***
******************************
03:15:54: Registering ResourceManager for type Texture
03:15:54: GLRenderSystem::_createRenderWindow "OGRE Render Window", 1024x768 windowed  miscParams: FSAA=0 displayFrequency=50 Hz gamma=No vsync=No 
03:15:54: GLXWindow::create used FBConfigID = 237
03:15:54: GL_VERSION = 3.3.0 NVIDIA 319.60
03:15:54: GL_VENDOR = NVIDIA Corporation
03:15:54: GL_RENDERER = GeForce GTX 260/PCIe/SSE2
03:15:54: GL_EXTENSIONS = GL_ARB_arrays_of_arrays GL_ARB_base_instance GL_ARB_blend_func_extended GL_ARB_clear_buffer_object GL_ARB_color_buffer_float GL_ARB_compatibility GL_ARB_compressed_texture_pixel_storage GL_ARB_conservative_depth GL_ARB_copy_buffer GL_ARB_copy_image GL_ARB_debug_output GL_ARB_depth_buffer_float GL_ARB_depth_clamp GL_ARB_depth_texture GL_ARB_draw_buffers GL_ARB_draw_elements_base_vertex GL_ARB_draw_instanced GL_ARB_ES2_compatibility GL_ARB_ES3_compatibility GL_ARB_explicit_attrib_location GL_ARB_explicit_uniform_location GL_ARB_fragment_coord_conventions GL_ARB_fragment_layer_viewport GL_ARB_fragment_program GL_ARB_fragment_program_shadow GL_ARB_fragment_shader GL_ARB_framebuffer_no_attachments GL_ARB_framebuffer_object GL_ARB_framebuffer_sRGB GL_ARB_geometry_shader4 GL_ARB_get_program_binary GL_ARB_half_float_pixel GL_ARB_half_float_vertex GL_ARB_imaging GL_ARB_instanced_arrays GL_ARB_internalformat_query GL_ARB_internalformat_query2 GL_ARB_invalidate_subdata GL_ARB_map_buffer_alignment GL_ARB_map_buffer_range GL_ARB_multisample GL_ARB_multitexture GL_ARB_occlusion_query GL_ARB_occlusion_query2 GL_ARB_pixel_buffer_object GL_ARB_point_parameters GL_ARB_point_sprite GL_ARB_program_interface_query GL_ARB_provoking_vertex GL_ARB_robust_buffer_access_behavior GL_ARB_robustness GL_ARB_sampler_objects GL_ARB_seamless_cube_map GL_ARB_separate_shader_objects GL_ARB_shader_bit_encoding GL_ARB_shader_objects GL_ARB_shader_texture_lod GL_ARB_shading_language_100 GL_ARB_shading_language_420pack GL_ARB_shading_language_include GL_ARB_shading_language_packing GL_ARB_shadow GL_ARB_stencil_texturing GL_ARB_sync GL_ARB_texture_border_clamp GL_ARB_texture_buffer_object GL_ARB_texture_buffer_range GL_ARB_texture_compression GL_ARB_texture_compression_rgtc GL_ARB_texture_cube_map GL_ARB_texture_env_add GL_ARB_texture_env_combine GL_ARB_texture_env_crossbar GL_ARB_texture_env_dot3 GL_ARB_texture_float GL_ARB_texture_mirrored_repeat GL_ARB_texture_multisample GL_ARB_texture_non_power_of_two GL_ARB_texture_query_levels GL_ARB_texture_rectangle GL_ARB_texture_rg GL_ARB_texture_rgb10_a2ui GL_ARB_texture_storage GL_ARB_texture_storage_multisample GL_ARB_texture_swizzle GL_ARB_texture_view GL_ARB_timer_query GL_ARB_transform_feedback2 GL_ARB_transform_feedback_instanced GL_ARB_transpose_matrix GL_ARB_uniform_buffer_object GL_ARB_vertex_array_bgra GL_ARB_vertex_array_object GL_ARB_vertex_attrib_binding GL_ARB_vertex_buffer_object GL_ARB_vertex_program GL_ARB_vertex_shader GL_ARB_vertex_type_2_10_10_10_rev GL_ARB_viewport_array GL_ARB_window_pos GL_ATI_draw_buffers GL_ATI_texture_float GL_ATI_texture_mirror_once GL_S3_s3tc GL_EXT_texture_env_add GL_EXT_abgr GL_EXT_bgra GL_EXT_bindable_uniform GL_EXT_blend_color GL_EXT_blend_equation_separate GL_EXT_blend_func_separate GL_EXT_blend_minmax GL_EXT_blend_subtract GL_EXT_compiled_vertex_array GL_EXT_Cg_shader GL_EXT_depth_bounds_test GL_EXT_direct_state_access GL_EXT_draw_buffers2 GL_EXT_draw_instanced GL_EXT_draw_range_elements GL_EXT_fog_coord GL_EXT_framebuffer_blit GL_EXT_framebuffer_multisample GL_EXTX_framebuffer_mixed_formats GL_EXT_framebuffer_multisample_blit_scaled GL_EXT_framebuffer_object GL_EXT_framebuffer_sRGB GL_EXT_geometry_shader4 GL_EXT_gpu_program_parameters GL_EXT_gpu_shader4 GL_EXT_multi_draw_arrays GL_EXT_packed_depth_stencil GL_EXT_packed_float GL_EXT_packed_pixels GL_EXT_pixel_buffer_object GL_EXT_point_parameters GL_EXT_provoking_vertex GL_EXT_rescale_normal GL_EXT_secondary_color GL_EXT_separate_shader_objects GL_EXT_separate_specular_color GL_EXT_shadow_funcs GL_EXT_stencil_two_side GL_EXT_stencil_wrap GL_EXT_texture3D GL_EXT_texture_array GL_EXT_texture_buffer_object GL_EXT_texture_compression_dxt1 GL_EXT_texture_compression_latc GL_EXT_texture_compression_rgtc GL_EXT_texture_compression_s3tc GL_EXT_texture_cube_map GL_EXT_texture_edge_clamp GL_EXT_texture_env_combine GL_EXT_texture_env_dot3 GL_EXT_texture_filter_anisotropic GL_EXT_texture_integer GL_EXT_texture_lod GL_EXT_texture_lod_bias GL_EXT_texture_mirror_clamp GL_EXT_texture_object GL_EXT_texture_shared_exponent GL_EXT_texture_sRGB GL_EXT_texture_sRGB_decode GL_EXT_texture_storage GL_EXT_texture_swizzle GL_EXT_timer_query GL_EXT_transform_feedback2 GL_EXT_vertex_array GL_EXT_vertex_array_bgra GL_EXT_x11_sync_object GL_EXT_import_sync_object GL_IBM_rasterpos_clip GL_IBM_texture_mirrored_repeat GL_KHR_debug GL_KTX_buffer_region GL_NV_blend_square GL_NV_conditional_render GL_NV_copy_depth_to_color GL_NV_copy_image GL_NV_depth_buffer_float GL_NV_depth_clamp GL_NV_ES1_1_compatibility GL_NV_explicit_multisample GL_NV_fence GL_NV_float_buffer GL_NV_fog_distance GL_NV_fragment_program GL_NV_fragment_program_option GL_NV_fragment_program2 GL_NV_framebuffer_multisample_coverage GL_NV_geometry_shader4 GL_NV_gpu_program4 GL_NV_half_float GL_NV_light_max_exponent GL_NV_multisample_coverage GL_NV_multisample_filter_hint GL_NV_occlusion_query GL_NV_packed_depth_stencil GL_NV_parameter_buffer_object GL_NV_parameter_buffer_object2 GL_NV_path_rendering GL_NV_pixel_data_range GL_NV_point_sprite GL_NV_primitive_restart GL_NV_register_combiners GL_NV_register_combiners2 GL_NV_shader_buffer_load GL_NV_texgen_reflection GL_NV_texture_barrier GL_NV_texture_compression_vtc GL_NV_texture_env_combine4 GL_NV_texture_expand_normal GL_NV_texture_multisample GL_NV_texture_rectangle GL_NV_texture_shader GL_NV_texture_shader2 GL_NV_texture_shader3 GL_NV_transform_feedback GL_NV_transform_feedback2 GL_NV_vdpau_interop GL_NV_vertex_array_range GL_NV_vertex_array_range2 GL_NV_vertex_buffer_unified_memory GL_NV_vertex_program GL_NV_vertex_program1_1 GL_NV_vertex_program2 GL_NV_vertex_program2_option GL_NV_vertex_program3 GL_NVX_conditional_render GL_NVX_gpu_memory_info GL_SGIS_generate_mipmap GL_SGIS_texture_lod GL_SGIX_depth_texture GL_SGIX_shadow GL_SUN_slice_accum 
03:15:54: Supported GLX extensions: GLX_EXT_visual_info GLX_EXT_visual_rating GLX_SGIX_fbconfig GLX_SGIX_pbuffer GLX_SGI_video_sync GLX_SGI_swap_control GLX_EXT_swap_control GLX_EXT_swap_control_tear GLX_EXT_texture_from_pixmap GLX_EXT_buffer_age GLX_ARB_create_context GLX_ARB_create_context_profile GLX_EXT_create_context_es_profile GLX_EXT_create_context_es2_profile GLX_ARB_create_context_robustness GLX_ARB_multisample GLX_NV_float_buffer GLX_ARB_fbconfig_float GLX_EXT_framebuffer_sRGB GLX_NV_multisample_coverage GLX_ARB_get_proc_address 
03:15:54: ***************************
03:15:54: *** GL Renderer Started ***
03:15:54: ***************************
03:15:54: Registering ResourceManager for type GpuProgram
03:15:54: GLSL support detected
03:15:54: GL: Using GL_EXT_framebuffer_object for rendering to textures (best)
03:15:54: FBO PF_UNKNOWN depth/stencil support: D0S8 D16S0 D24S0 D32S0 Packed-D24S8 
03:15:54: FBO PF_L8 depth/stencil support: D0S0 D0S8 D16S0 D24S0 D32S0 Packed-D24S8 
03:15:54: FBO PF_A8 depth/stencil support: D0S0 D0S8 D16S0 D24S0 D32S0 Packed-D24S8 
03:15:54: FBO PF_A4L4 depth/stencil support: D0S0 D0S8 D16S0 D24S0 D32S0 Packed-D24S8 
03:15:54: FBO PF_BYTE_LA depth/stencil support: D0S0 D0S8 D16S0 D24S0 D32S0 Packed-D24S8 
03:15:54: FBO PF_R5G6B5 depth/stencil support: D0S0 D0S8 D16S0 D24S0 D32S0 Packed-D24S8 
03:15:54: FBO PF_B5G6R5 depth/stencil support: D0S0 D0S8 D16S0 D24S0 D32S0 Packed-D24S8 
03:15:54: FBO PF_A4R4G4B4 depth/stencil support: D0S0 D0S8 D16S0 D24S0 D32S0 Packed-D24S8 
03:15:54: FBO PF_A1R5G5B5 depth/stencil support: D0S0 D0S8 D16S0 D24S0 D32S0 Packed-D24S8 
03:15:54: FBO PF_R8G8B8 depth/stencil support: D0S0 D0S8 D16S0 D24S0 D32S0 Packed-D24S8 
03:15:55: FBO PF_B8G8R8 depth/stencil support: D0S0 D0S8 D16S0 D24S0 D32S0 Packed-D24S8 
03:15:55: FBO PF_A8R8G8B8 depth/stencil support: D0S0 D0S8 D16S0 D24S0 D32S0 Packed-D24S8 
03:15:55: FBO PF_B8G8R8A8 depth/stencil support: D0S0 D0S8 D16S0 D24S0 D32S0 Packed-D24S8 
03:15:55: FBO PF_A2R10G10B10 depth/stencil support: D0S0 D0S8 D16S0 D24S0 D32S0 Packed-D24S8 
03:15:55: FBO PF_A2B10G10R10 depth/stencil support: D0S0 D0S8 D16S0 D24S0 D32S0 Packed-D24S8 
03:15:55: FBO PF_FLOAT16_RGB depth/stencil support: D0S0 D0S8 D16S0 D24S0 D32S0 Packed-D24S8 
03:15:55: FBO PF_FLOAT16_RGBA depth/stencil support: D0S0 D0S8 D16S0 D24S0 D32S0 Packed-D24S8 
03:15:55: FBO PF_FLOAT32_RGB depth/stencil support: D0S0 D0S8 D16S0 D24S0 D32S0 Packed-D24S8 
03:15:55: FBO PF_FLOAT32_RGBA depth/stencil support: D0S0 D0S8 D16S0 D24S0 D32S0 Packed-D24S8 
03:15:55: FBO PF_X8R8G8B8 depth/stencil support: D0S0 D0S8 D16S0 D24S0 D32S0 Packed-D24S8 
03:15:55: FBO PF_X8B8G8R8 depth/stencil support: D0S0 D0S8 D16S0 D24S0 D32S0 Packed-D24S8 
03:15:55: FBO PF_SHORT_RGBA depth/stencil support: D0S0 D0S8 D16S0 D24S0 D32S0 Packed-D24S8 
03:15:55: FBO PF_R3G3B2 depth/stencil support: D0S0 D0S8 D16S0 D24S0 D32S0 Packed-D24S8 
03:15:55: FBO PF_FLOAT16_R depth/stencil support: D0S0 D0S8 D16S0 D24S0 D32S0 Packed-D24S8 
03:15:55: FBO PF_FLOAT32_R depth/stencil support: D0S0 D0S8 D16S0 D24S0 D32S0 Packed-D24S8 
03:15:55: FBO PF_FLOAT16_GR depth/stencil support: D0S0 D0S8 D16S0 D24S0 D32S0 Packed-D24S8 
03:15:55: FBO PF_FLOAT32_GR depth/stencil support: D0S0 D0S8 D16S0 D24S0 D32S0 Packed-D24S8 
03:15:55: FBO PF_SHORT_RGB depth/stencil support: D0S0 D0S8 D16S0 D24S0 D32S0 Packed-D24S8 
03:15:55: [GL] : Valid FBO targets PF_UNKNOWN PF_L8 PF_A8 PF_A4L4 PF_BYTE_LA PF_R5G6B5 PF_B5G6R5 PF_A4R4G4B4 PF_A1R5G5B5 PF_R8G8B8 PF_B8G8R8 PF_A8R8G8B8 PF_B8G8R8A8 PF_A2R10G10B10 PF_A2B10G10R10 PF_FLOAT16_RGB PF_FLOAT16_RGBA PF_FLOAT32_RGB PF_FLOAT32_RGBA PF_X8R8G8B8 PF_X8B8G8R8 PF_SHORT_RGBA PF_R3G3B2 PF_FLOAT16_R PF_FLOAT32_R PF_FLOAT16_GR PF_FLOAT32_GR PF_SHORT_RGB 
03:15:55: RenderSystem capabilities
03:15:55: -------------------------
03:15:55: RenderSystem Name: OpenGL Rendering Subsystem
03:15:55: GPU Vendor: nvidia
03:15:55: Device Name: GeForce GTX 260/PCIe/SSE2
03:15:55: Driver Version: 3.3.0.0
03:15:55:  * Fixed function pipeline: yes
03:15:55:  * Hardware generation of mipmaps: yes
03:15:55:  * Texture blending: yes
03:15:55:  * Anisotropic texture filtering: yes
03:15:55:  * Dot product texture operation: yes
03:15:55:  * Cube mapping: yes
03:15:55:  * Hardware stencil buffer: yes
03:15:55:    - Stencil depth: 8
03:15:55:    - Two sided stencil support: yes
03:15:55:    - Wrap stencil values: yes
03:15:55:  * Hardware vertex / index buffers: yes
03:15:55:  * Vertex programs: yes
03:15:55:  * Number of floating-point constants for vertex programs: 1024
03:15:55:  * Number of integer constants for vertex programs: 0
03:15:55:  * Number of boolean constants for vertex programs: 0
03:15:55:  * Fragment programs: yes
03:15:55:  * Number of floating-point constants for fragment programs: 512
03:15:55:  * Number of integer constants for fragment programs: 0
03:15:55:  * Number of boolean constants for fragment programs: 0
03:15:55:  * Geometry programs: yes
03:15:55:  * Number of floating-point constants for geometry programs: 2048
03:15:55:  * Number of integer constants for geometry programs: 0
03:15:55:  * Number of boolean constants for geometry programs: 0
03:15:55:  * Supported Shader Profiles: arbfp1 arbvp1 fp20 fp30 fp40 glsl gp4fp gp4gp gp4vp gpu_fp gpu_gp gpu_vp nvgp4 vp30 vp40
03:15:55:  * Texture Compression: yes
03:15:55:    - DXT: yes
03:15:55:    - VTC: yes
03:15:55:    - PVRTC: no
03:15:55:  * Scissor Rectangle: yes
03:15:55:  * Hardware Occlusion Query: yes
03:15:55:  * User clip planes: yes
03:15:55:  * VET_UBYTE4 vertex element type: yes
03:15:55:  * Infinite far plane projection: yes
03:15:55:  * Hardware render-to-texture: yes
03:15:55:  * Floating point textures: yes
03:15:55:  * Non-power-of-two textures: yes
03:15:55:  * Volume textures: yes
03:15:55:  * Multiple Render Targets: 8
03:15:55:    - With different bit depths: yes
03:15:55:  * Point Sprites: yes
03:15:55:  * Extended point parameters: yes
03:15:55:  * Max Point Size: 2047
03:15:55:  * Vertex texture fetch: yes
03:15:55:  * Number of world matrices: 0
03:15:55:  * Number of texture units: 32
03:15:55:  * Stencil buffer depth: 8
03:15:55:  * Number of vertex blend matrices: 0
03:15:55:    - Max vertex textures: 32
03:15:55:    - Vertex textures shared: yes
03:15:55:  * Render to Vertex Buffer : yes
03:15:55:  * GL 1.5 without VBO workaround: no
03:15:55:  * Frame Buffer objects: yes
03:15:55:  * Frame Buffer objects (ARB extension): no
03:15:55:  * Frame Buffer objects (ATI extension): no
03:15:55:  * PBuffer support: yes
03:15:55:  * GL 1.5 without HW-occlusion workaround: no
03:15:55:  * Separate shader objects: no
03:15:55: DefaultWorkQueue('Root') initialising on thread 0x267df80.
03:15:55: Particle Renderer Type 'billboard' registered
03:15:55: DefaultWorkQueue('Root')::WorkerFunc - thread 0x296c0e0 starting.
03:15:55: DefaultWorkQueue('Root')::WorkerFunc - thread 0x26d3fe0 starting.
03:15:55: SceneManagerFactory for type 'PCZSceneManager' registered.
03:15:55: MovableObjectFactory for type 'PCZLight' registered.
03:15:55: MovableObjectFactory for type 'Portal' registered.
03:15:55: MovableObjectFactory for type 'AntiPortal' registered.
03:15:55: SceneManagerFactory for type 'OctreeSceneManager' registered.
03:15:55: Added resource location './resources' of type 'FileSystem' to resource group 'General'
03:15:55: Added resource location './resources/fonts' of type 'FileSystem' to resource group 'General'
03:15:55: Added resource location './resources/materials' of type 'FileSystem' to resource group 'General'
03:15:55: Added resource location './resources/materials/ui' of type 'FileSystem' to resource group 'General'
03:15:55: Added resource location './resources/materials/programs' of type 'FileSystem' to resource group 'General'
03:15:55: Added resource location './resources/materials/scripts' of type 'FileSystem' to resource group 'General'
03:15:55: Added resource location './resources/materials/skyboxes' of type 'FileSystem' to resource group 'General'
03:15:55: Added resource location './resources/materials/textures' of type 'FileSystem' to resource group 'General'
03:15:55: Added resource location './resources/materials/textures/nvidia' of type 'FileSystem' to resource group 'General'
03:15:55: Added resource location './resources/materials/scripts/SSAO' of type 'FileSystem' to resource group 'General'
03:15:55: Added resource location './resources/materials/textures/SSAO' of type 'FileSystem' to resource group 'General'
03:15:55: Added resource location './resources/models' of type 'FileSystem' to resource group 'General'
03:15:55: Added resource location './resources/maps' of type 'FileSystem' to resource group 'General'
03:15:55: Added resource location './resources/particle' of type 'FileSystem' to resource group 'General'
03:15:55: Added resource location './resources/skyboxes' of type 'FileSystem' to resource group 'General'
03:15:55: Added resource location './resources/materials/ui' of type 'FileSystem' to resource group 'General'
03:15:55: Added resource location './resources/packs/dragon.zip' of type 'Zip' to resource group 'General'
03:15:55: Added resource location './resources/packs/fresnel.zip' of type 'Zip' to resource group 'General'
03:15:55: Added resource location './resources/packs/ogredance.zip' of type 'Zip' to resource group 'General'
03:15:55: Added resource location './resources/packs/sinbad.zip' of type 'Zip' to resource group 'General'
03:15:55: Parsing scripts for resource group Autodetect
03:15:55: Finished parsing scripts for resource group Autodetect
03:15:55: Creating resources for group Autodetect
03:15:55: All done
03:15:55: Parsing scripts for resource group General
03:15:55: Parsing script Instancing.program
03:15:55: Parsing script DualQuaternion.program
03:15:55: Parsing script Examples.program
03:15:55: Parsing script StdQuad_vp.program
03:15:55: Parsing script BlackAndWhite.material
03:15:55: Parsing script Dither.material
03:15:55: Parsing script smoke.material
03:15:55: Parsing script HeatVision.material
03:15:55: Parsing script ASCII.material
03:15:55: Parsing script Invert.material
03:15:55: Parsing script VarianceShadowmap.material
03:15:55: Parsing script Glass.material
03:15:55: Parsing script Ocean.material
03:15:55: Parsing script ASMSwizzle.material
03:15:55: Parsing script OldMovie.material
03:15:55: Parsing script hdr.material
03:15:55: Parsing script facial.material
03:15:55: Parsing script MRTtest.material
03:15:55: Parsing script Example-Water.material
03:15:55: Parsing script ShaderInstancing.material
03:15:55: Parsing script GLSLSwizzle.material
03:15:55: Parsing script ParticleGS.material
03:15:55: Parsing script Penguin.material
03:15:55: Parsing script RZR-002.material
03:15:55: Parsing script shadows.material
03:15:55: Parsing script Tiling.material
03:15:55: Parsing script InstancingMisc.material
03:15:55: Parsing script instancing.material
03:15:55: Parsing script DualQuaternion.material
03:15:55: Parsing script Embossed.material
03:15:55: Parsing script Examples.material
03:15:55: Parsing script CGSwizzle.material
03:15:55: Parsing script RadialBlur.material
03:15:55: Parsing script Laplace.material
03:15:55: Parsing script Examples-Advanced.material
03:15:55: Compiler error: object unsupported by render system in Examples-Advanced.material(524)
03:15:55: Parsing script HWInstancing.material
03:15:55: Parsing script OffsetMapping.material
03:15:55: Compiler error: object unsupported by render system in OffsetMapping.material(35)
03:15:55: Parsing script DOF.material
03:15:55: Parsing script CompositorDemo.material
03:15:55: Parsing script NightVision.material
03:15:55: Parsing script Posterize.material
03:15:55: Parsing script HW_VTFInstancing.material
03:15:55: Parsing script pssm.material
03:15:55: Parsing script VTFInstancing.material
03:15:55: Parsing script Ogre.material
03:15:55: Parsing script Hurt.material
03:15:55: Parsing script Halftone.material
03:15:55: Parsing script sibenik.material
03:15:55: Parsing script MotionBlur.material
03:15:55: Parsing script DepthShadowmap.material
03:15:55: Parsing script SharpenEdges.material
03:15:55: Parsing script HW_VTF_LUTInstancing.material
03:15:55: Parsing script Examples-DynTex.material
03:15:55: Parsing script Bloom2.material
03:15:55: Parsing script OldTV.material
03:15:55: Parsing script IsoSurf.material
03:15:55: Problem parsing the following Cg Uniform: '@TMP29' in file Ogre/IsoSurf/TessellateTetrahedraGS_CG
03:15:55: Parsing script Examples-Water.material
03:15:55: Parsing script ShaderSystem.material
03:15:55: Parsing script Bloom.material
03:15:55: Parsing script UnsharpMask.material
03:15:55: Parsing script HemisphereMC.material
03:15:55: Parsing script SSAOPost.material
03:15:55: Parsing script HorizonBased.material
03:15:55: Parsing script Crytek.material
03:15:55: Parsing script ShowNormals.material
03:15:55: Parsing script ShowViewPos.material
03:15:55: Parsing script GBuffer.material
03:15:55: Parsing script ShowDepth.material
03:15:55: Parsing script Volumetric.material
03:15:55: Parsing script CreaseShading.material
03:15:55: Parsing script RomanBath.material
03:15:55: Parsing script Sinbad.material
03:15:55: Parsing script smoke.particle
03:15:55: Parsing script Examples.particle
03:15:55: Parsing script emitted_emitter.particle
03:15:55: Parsing script Examples-Water.particle
03:15:55: Parsing script Examples.compositor
03:15:55: Parsing script SSAO.compositor
03:15:55: Parsing script SSAOPost.compositor
03:15:55: Parsing script sample.fontdef
03:15:55: Finished parsing scripts for resource group General
03:15:55: Creating resources for group General
03:15:55: All done
03:15:55: Parsing scripts for resource group Internal
03:15:55: Finished parsing scripts for resource group Internal
03:15:55: Creating resources for group Internal
03:15:55: All done
03:15:56: Texture: cloudy_noon_fr.jpg: Loading 1 faces(PF_R8G8B8,512x512x1) with 9 generated mipmaps from Image. Internal format is PF_X8R8G8B8,512x512x1.
03:15:56: Texture: cloudy_noon_bk.jpg: Loading 1 faces(PF_R8G8B8,512x512x1) with 9 generated mipmaps from Image. Internal format is PF_X8R8G8B8,512x512x1.
03:15:56: Texture: cloudy_noon_lf.jpg: Loading 1 faces(PF_R8G8B8,512x512x1) with 9 generated mipmaps from Image. Internal format is PF_X8R8G8B8,512x512x1.
03:15:56: Texture: cloudy_noon_rt.jpg: Loading 1 faces(PF_R8G8B8,512x512x1) with 9 generated mipmaps from Image. Internal format is PF_X8R8G8B8,512x512x1.
03:15:56: Texture: cloudy_noon_up.jpg: Loading 1 faces(PF_R8G8B8,512x512x1) with 9 generated mipmaps from Image. Internal format is PF_X8R8G8B8,512x512x1.
03:15:56: Texture: cloudy_noon_dn.jpg: Loading 1 faces(PF_R8G8B8,512x512x1) with 9 generated mipmaps from Image. Internal format is PF_X8R8G8B8,512x512x1.
